y:\spaceshuttle\spaceshuttle\x64\debug\vc141.pdb
y:\spaceshuttle\spaceshuttle\x64\debug\spaceshuttle.obj
y:\spaceshuttle\spaceshuttle\x64\debug\qshuttledatabase.obj
y:\spaceshuttle\spaceshuttle\x64\debug\qrc_spaceshuttle.obj
y:\spaceshuttle\spaceshuttle\x64\debug\qshuttlepostgresqldatabase.obj
y:\spaceshuttle\spaceshuttle\x64\debug\main.obj
y:\spaceshuttle\spaceshuttle\x64\debug\moc_spaceshuttle.obj
y:\spaceshuttle\spaceshuttle\generatedfiles\ui_spaceshuttle.h
y:\spaceshuttle\spaceshuttle\generatedfiles\qrc_spaceshuttle.cpp
y:\spaceshuttle\spaceshuttle\generatedfiles\debug\moc_spaceshuttle.cpp
y:\spaceshuttle\x64\debug\spaceshuttle.exe
y:\spaceshuttle\x64\debug\spaceshuttle.ilk
y:\spaceshuttle\x64\debug\spaceshuttle.pdb
y:\spaceshuttle\spaceshuttle\x64\debug\spaceshuttle.tlog\cl.command.1.tlog
y:\spaceshuttle\spaceshuttle\x64\debug\spaceshuttle.tlog\cl.read.1.tlog
y:\spaceshuttle\spaceshuttle\x64\debug\spaceshuttle.tlog\cl.write.1.tlog
y:\spaceshuttle\spaceshuttle\x64\debug\spaceshuttle.tlog\custombuild.command.1.tlog
y:\spaceshuttle\spaceshuttle\x64\debug\spaceshuttle.tlog\custombuild.read.1.tlog
y:\spaceshuttle\spaceshuttle\x64\debug\spaceshuttle.tlog\custombuild.write.1.tlog
y:\spaceshuttle\spaceshuttle\x64\debug\spaceshuttle.tlog\link.command.1.tlog
y:\spaceshuttle\spaceshuttle\x64\debug\spaceshuttle.tlog\link.read.1.tlog
y:\spaceshuttle\spaceshuttle\x64\debug\spaceshuttle.tlog\link.write.1.tlog
